<?xml version="1.0" encoding="UTF-8"?>
<testsuite xmlns:xsi="http://www.w3.org/2001/XMLSchema-instance" xsi:noNamespaceSchemaLocation="https://maven.apache.org/surefire/maven-surefire-plugin/xsd/surefire-test-report.xsd" version="3.0.2" name="com.interview.taskapi.repository.TaskRepositoryTest" time="2.044" tests="3" errors="3" skipped="0" failures="0" flakes="0">
  <properties>
[...]
</properties>
  <testcase name="fetchJoin_avoidsNPlusOne" classname="com.interview.taskapi.repository.TaskRepositoryTest" time="0.283">
    <error message="could not execute statement [Unique index or primary key violation: &quot;PUBLIC.CONSTRAINT_1 PRIMARY KEY ON PUBLIC.PROJECT(ID) ( /* key:1 */ CAST(1 AS BIGINT), &apos;Interview Prep&apos;)&quot;; SQL statement:&#10;insert into project (name,id) values (?,default) [23505-240]] [insert into project (name,id) values (?,default)]" type="org.hibernate.exception.ConstraintViolationException"><![CDATA[org.hibernate.exception.ConstraintViolationException: 
could not execute statement [Unique index or primary key violation: "PUBLIC.CONSTRAINT_1 PRIMARY KEY ON PUBLIC.PROJECT(ID) ( /* key:1 */ CAST(1 AS BIGINT), 'Interview Prep')"; SQL statement:
insert into project (name,id) values (?,default) [23505-240]] [insert into project (name,id) values (?,default)]
	at org.hibernate.dialect.H2Dialect.lambda$buildSQLExceptionConversionDelegate$0(H2Dialect.java:854)
	at org.hibernate.exception.internal.StandardSQLExceptionConverter.convert(StandardSQLExceptionConverter.java:34)
	at org.hibernate.engine.jdbc.spi.SqlExceptionHelper.convert(SqlExceptionHelper.java:115)
	at org.hibernate.engine.jdbc.internal.ResultSetReturnImpl.executeUpdate(ResultSetReturnImpl.java:189)
	at org.hibernate.id.insert.GetGeneratedKeysDelegate.performMutation(GetGeneratedKeysDelegate.java:96)
	at org.hibernate.engine.jdbc.mutation.internal.MutationExecutorSingleNonBatched.performNonBatchedOperations(MutationExecutorSingleNonBatched.java:45)
	at org.hibernate.engine.jdbc.mutation.internal.AbstractMutationExecutor.execute(AbstractMutationExecutor.java:65)
	at org.hibernate.engine.jdbc.mutation.internal.AbstractMutationExecutor.execute(AbstractMutationExecutor.java:54)
	at org.hibernate.persister.entity.mutation.InsertCoordinatorStandard.doStaticInserts(InsertCoordinatorStandard.java:183)
	at org.hibernate.persister.entity.mutation.InsertCoordinatorStandard.coordinateInsert(InsertCoordinatorStandard.java:123)
	at org.hibernate.persister.entity.mutation.InsertCoordinatorStandard.insert(InsertCoordinatorStandard.java:87)
	at org.hibernate.action.internal.EntityIdentityInsertAction.execute(EntityIdentityInsertAction.java:87)
	at org.hibernate.engine.spi.ActionQueue.execute(ActionQueue.java:667)
	at org.hibernate.engine.spi.ActionQueue.addResolvedEntityInsertAction(ActionQueue.java:291)
	at org.hibernate.engine.spi.ActionQueue.addInsertAction(ActionQueue.java:270)
	at org.hibernate.engine.spi.ActionQueue.addAction(ActionQueue.java:322)
	at org.hibernate.event.internal.AbstractSaveEventListener.addInsertAction(AbstractSaveEventListener.java:384)
	at org.hibernate.event.internal.AbstractSaveEventListener.performSaveOrReplicate(AbstractSaveEventListener.java:298)
	at org.hibernate.event.internal.AbstractSaveEventListener.performSave(AbstractSaveEventListener.java:228)
	at org.hibernate.event.internal.AbstractSaveEventListener.saveWithGeneratedId(AbstractSaveEventListener.java:144)
	at org.hibernate.event.internal.DefaultPersistEventListener.entityIsTransient(DefaultPersistEventListener.java:144)
	at org.hibernate.event.internal.DefaultPersistEventListener.persist(DefaultPersistEventListener.java:91)
	at org.hibernate.event.internal.DefaultPersistEventListener.onPersist(DefaultPersistEventListener.java:75)
	at org.hibernate.event.internal.DefaultPersistEventListener.onPersist(DefaultPersistEventListener.java:51)
	at org.hibernate.event.service.internal.EventListenerGroupImpl.fireEventOnEachListener(EventListenerGroupImpl.java:138)
	at org.hibernate.internal.SessionImpl.firePersist(SessionImpl.java:695)
	at org.hibernate.internal.SessionImpl.persist(SessionImpl.java:678)
	at org.springframework.boot.jpa.test.autoconfigure.TestEntityManager.persist(TestEntityManager.java:93)
	at com.interview.taskapi.repository.TaskRepositoryTest.fetchJoin_avoidsNPlusOne(TaskRepositoryTest.java:63)
Caused by: org.h2.jdbc.JdbcSQLIntegrityConstraintViolationException: Unique index or primary key violation: "PUBLIC.CONSTRAINT_1 PRIMARY KEY ON PUBLIC.PROJECT(ID) ( /* key:1 */ CAST(1 AS BIGINT), 'Interview Prep')"; SQL statement:
insert into project (name,id) values (?,default) [23505-240]
	at org.h2.message.DbException.getJdbcSQLException(DbException.java:520)
	at org.h2.message.DbException.getJdbcSQLException(DbException.java:489)
	at org.h2.message.DbException.get(DbException.java:223)
	at org.h2.message.DbException.get(DbException.java:199)
	at org.h2.mvstore.db.MVPrimaryIndex.add(MVPrimaryIndex.java:121)
	at org.h2.mvstore.db.MVTable.addRow(MVTable.java:520)
	at org.h2.command.dml.Insert.insertRows(Insert.java:174)
	at org.h2.command.dml.Insert.update(Insert.java:135)
	at org.h2.command.CommandContainer.executeUpdateWithGeneratedKeys(CommandContainer.java:212)
	at org.h2.command.CommandContainer.update(CommandContainer.java:133)
	at org.h2.command.Command.executeUpdate(Command.java:306)
	at org.h2.command.Command.executeUpdate(Command.java:250)
	at org.h2.jdbc.JdbcPreparedStatement.executeUpdateInternal(JdbcPreparedStatement.java:213)
	at org.h2.jdbc.JdbcPreparedStatement.executeUpdate(JdbcPreparedStatement.java:172)
	at org.hibernate.engine.jdbc.internal.ResultSetReturnImpl.executeUpdate(ResultSetReturnImpl.java:185)
	... 25 more
]]></error>
    <system-out><![CDATA[01:03:32.872 [main] INFO org.springframework.test.context.support.AnnotationConfigContextLoaderUtils -- Could not detect default configuration classes for test class [com.interview.taskapi.repository.TaskRepositoryTest]: TaskRepositoryTest does not declare any static, non-private, non-final, nested classes annotated with @Configuration.
01:03:32.930 [main] INFO org.springframework.boot.test.context.SpringBootTestContextBootstrapper -- Found @SpringBootConfiguration com.interview.taskapi.TaskApiApplication for test class com.interview.taskapi.repository.TaskRepositoryTest
01:03:32.930 [main] INFO org.springframework.test.context.support.AnnotationConfigContextLoaderUtils -- Could not detect default configuration classes for test class [com.interview.taskapi.repository.TaskRepositoryTest]: TaskRepositoryTest does not declare any static, non-private, non-final, nested classes annotated with @Configuration.
01:03:32.937 [main] INFO org.springframework.boot.test.context.SpringBootTestContextBootstrapper -- Found @SpringBootConfiguration com.interview.taskapi.TaskApiApplication for test class com.interview.taskapi.repository.TaskRepositoryTest

  .   ____          _            __ _ _
 /\\ / ___'_ __ _ _(_)_ __  __ _ \ \ \ \
( ( )\___ | '_ | '_| | '_ \/ _` | \ \ \ \
 \\/  ___)| |_)| | | | | || (_| |  ) ) ) )
  '  |____| .__|_| |_|_| |_\__, | / / / /
 =========|_|==============|___/=/_/_/_/

 :: Spring Boot ::                (v4.1.0)

2026-08-17T01:03:33.120+05:30  INFO 81275 --- [task-api] [           main] c.i.t.repository.TaskRepositoryTest      : Starting TaskRepositoryTest using Java 23 with PID 81275 (started by parasbhardwaj in /Users/parasbhardwaj/Documents/spring-boot-learning-path)
2026-08-17T01:03:33.121+05:30  INFO 81275 --- [task-api] [           main] c.i.t.repository.TaskRepositoryTest      : No active profile set, falling back to 1 default profile: "default"
2026-08-17T01:03:33.291+05:30  INFO 81275 --- [task-api] [           main] .s.d.r.c.RepositoryConfigurationDelegate : Bootstrapping Spring Data JPA repositories in DEFAULT mode.
2026-08-17T01:03:33.313+05:30  INFO 81275 --- [task-api] [           main] .s.d.r.c.RepositoryConfigurationDelegate : Finished Spring Data repository scanning in 18 ms. Found 2 JPA repository interfaces.
2026-08-17T01:03:33.341+05:30  INFO 81275 --- [task-api] [           main] beddedDataSourceBeanFactoryPostProcessor : Replacing 'dataSource' DataSource bean with embedded version
2026-08-17T01:03:33.371+05:30  INFO 81275 --- [task-api] [           main] o.s.j.d.e.EmbeddedDatabaseFactory        : Starting embedded database: url='jdbc:h2:mem:8e092c09-dcb8-439d-aacf-09770dba8d5c;DB_CLOSE_DELAY=-1;DB_CLOSE_ON_EXIT=false', username='sa'
2026-08-17T01:03:33.478+05:30  INFO 81275 --- [task-api] [           main] org.hibernate.orm.jpa                    : HHH008540: Processing PersistenceUnitInfo [name: default]
2026-08-17T01:03:33.504+05:30  INFO 81275 --- [task-api] [           main] org.hibernate.orm.core                   : HHH000001: Hibernate ORM core version 7.4.1.Final
2026-08-17T01:03:33.665+05:30  INFO 81275 --- [task-api] [           main] o.s.o.j.p.SpringPersistenceUnitInfo      : No LoadTimeWeaver setup: ignoring JPA class transformer
2026-08-17T01:03:33.703+05:30  INFO 81275 --- [task-api] [           main] org.hibernate.orm.connections.pooling    : HHH10001005: Database info:
	Database JDBC URL [jdbc:h2:mem:8e092c09-dcb8-439d-aacf-09770dba8d5c]
	Database driver: H2 JDBC Driver
	Database dialect: H2Dialect
	Database version: 2.4.240
	Default catalog/schema: 8E092C09-DCB8-439D-AACF-09770DBA8D5C/PUBLIC
	Autocommit mode: undefined/unknown
	Isolation level: READ_COMMITTED [default READ_COMMITTED]
	JDBC fetch size: 100
	Pool: DataSourceConnectionProvider
	Minimum pool size: undefined/unknown
	Maximum pool size: undefined/unknown
2026-08-17T01:03:34.079+05:30  INFO 81275 --- [task-api] [           main] org.hibernate.orm.core                   : HHH000489: No JTA platform available (set 'hibernate.transaction.jta.platform' to enable JTA platform integration)
2026-08-17T01:03:34.086+05:30 DEBUG 81275 --- [task-api] [           main] org.hibernate.SQL                        : 
    drop table if exists project cascade 
Hibernate: 
    drop table if exists project cascade 
2026-08-17T01:03:34.086+05:30 DEBUG 81275 --- [task-api] [           main] org.hibernate.SQL                        : 
    drop table if exists task cascade 
Hibernate: 
    drop table if exists task cascade 
2026-08-17T01:03:34.088+05:30 DEBUG 81275 --- [task-api] [           main] org.hibernate.SQL                        : 
    create table project (
        id bigint generated by default as identity,
        name varchar(255) not null,
        primary key (id)
    )
Hibernate: 
    create table project (
        id bigint generated by default as identity,
        name varchar(255) not null,
        primary key (id)
    )
2026-08-17T01:03:34.091+05:30 DEBUG 81275 --- [task-api] [           main] org.hibernate.SQL                        : 
    create table task (
        due_date date,
        created_at timestamp(6) with time zone,
        id bigint generated by default as identity,
        project_id bigint,
        description varchar(255),
        title varchar(255) not null,
        status enum ('DONE','IN_PROGRESS','TODO') not null,
        primary key (id)
    )
Hibernate: 
    create table task (
        due_date date,
        created_at timestamp(6) with time zone,
        id bigint generated by default as identity,
        project_id bigint,
        description varchar(255),
        title varchar(255) not null,
        status enum ('DONE','IN_PROGRESS','TODO') not null,
        primary key (id)
    )
2026-08-17T01:03:34.092+05:30 DEBUG 81275 --- [task-api] [           main] org.hibernate.SQL                        : 
    alter table if exists task 
       add constraint FKk8qrwowg31kx7hp93sru1pdqa 
       foreign key (project_id) 
       references project
Hibernate: 
    alter table if exists task 
       add constraint FKk8qrwowg31kx7hp93sru1pdqa 
       foreign key (project_id) 
       references project
2026-08-17T01:03:34.098+05:30  INFO 81275 --- [task-api] [           main] j.LocalContainerEntityManagerFactoryBean : Initialized JPA EntityManagerFactory for persistence unit 'default'
2026-08-17T01:03:34.143+05:30  INFO 81275 --- [task-api] [           main] o.s.d.j.r.query.QueryEnhancerFactories   : Hibernate is in classpath; If applicable, HQL parser will be used.
2026-08-17T01:03:34.522+05:30  INFO 81275 --- [task-api] [           main] c.i.t.repository.TaskRepositoryTest      : Started TaskRepositoryTest in 1.556 seconds (process running for 2.128)
2026-08-17T01:03:34.792+05:30 DEBUG 81275 --- [task-api] [           main] org.hibernate.SQL                        : 
    insert 
    into
        project
        (name, id) 
    values
        (?, default)
Hibernate: 
    insert 
    into
        project
        (name, id) 
    values
        (?, default)
2026-08-17T01:03:34.796+05:30  WARN 81275 --- [task-api] [           main] org.hibernate.orm.jdbc.error             : HHH000247: ErrorCode: 23505, SQLState: 23505
2026-08-17T01:03:34.796+05:30  WARN 81275 --- [task-api] [           main] org.hibernate.orm.jdbc.error             : Unique index or primary key violation: "PUBLIC.CONSTRAINT_1 PRIMARY KEY ON PUBLIC.PROJECT(ID) ( /* key:1 */ CAST(1 AS BIGINT), 'Interview Prep')"; SQL statement:
insert into project (name,id) values (?,default) [23505-240]
]]></system-out>
    <system-err><![CDATA[Mockito is currently self-attaching to enable the inline-mock-maker. This will no longer work in future releases of the JDK. Please add Mockito as an agent to your build as described in Mockito's documentation: https://javadoc.io/doc/org.mockito/mockito-core/latest/org.mockito/org/mockito/Mockito.html#0.3
WARNING: A Java agent has been loaded dynamically (/Users/parasbhardwaj/.m2/repository/net/bytebuddy/byte-buddy-agent/1.18.10/byte-buddy-agent-1.18.10.jar)
WARNING: If a serviceability tool is in use, please run with -XX:+EnableDynamicAgentLoading to hide this warning
WARNING: If a serviceability tool is not in use, please run with -Djdk.instrument.traceUsage for more information
WARNING: Dynamic loading of agents will be disallowed by default in a future release
]]></system-err>
  </testcase>
  <testcase name="derivedQuery_findsByStatus" classname="com.interview.taskapi.repository.TaskRepositoryTest" time="0.005">
    <error message="could not execute statement [Unique index or primary key violation: &quot;PUBLIC.CONSTRAINT_1 PRIMARY KEY ON PUBLIC.PROJECT(ID) ( /* key:2 */ CAST(2 AS BIGINT), &apos;Side Project&apos;)&quot;; SQL statement:&#10;insert into project (name,id) values (?,default) [23505-240]] [insert into project (name,id) values (?,default)]" type="org.hibernate.exception.ConstraintViolationException"><![CDATA[org.hibernate.exception.ConstraintViolationException: 
could not execute statement [Unique index or primary key violation: "PUBLIC.CONSTRAINT_1 PRIMARY KEY ON PUBLIC.PROJECT(ID) ( /* key:2 */ CAST(2 AS BIGINT), 'Side Project')"; SQL statement:
insert into project (name,id) values (?,default) [23505-240]] [insert into project (name,id) values (?,default)]
	at org.hibernate.dialect.H2Dialect.lambda$buildSQLExceptionConversionDelegate$0(H2Dialect.java:854)
	at org.hibernate.exception.internal.StandardSQLExceptionConverter.convert(StandardSQLExceptionConverter.java:34)
	at org.hibernate.engine.jdbc.spi.SqlExceptionHelper.convert(SqlExceptionHelper.java:115)
	at org.hibernate.engine.jdbc.internal.ResultSetReturnImpl.executeUpdate(ResultSetReturnImpl.java:189)
	at org.hibernate.id.insert.GetGeneratedKeysDelegate.performMutation(GetGeneratedKeysDelegate.java:96)
	at org.hibernate.engine.jdbc.mutation.internal.MutationExecutorSingleNonBatched.performNonBatchedOperations(MutationExecutorSingleNonBatched.java:45)
	at org.hibernate.engine.jdbc.mutation.internal.AbstractMutationExecutor.execute(AbstractMutationExecutor.java:65)
	at org.hibernate.engine.jdbc.mutation.internal.AbstractMutationExecutor.execute(AbstractMutationExecutor.java:54)
	at org.hibernate.persister.entity.mutation.InsertCoordinatorStandard.doStaticInserts(InsertCoordinatorStandard.java:183)
	at org.hibernate.persister.entity.mutation.InsertCoordinatorStandard.coordinateInsert(InsertCoordinatorStandard.java:123)
	at org.hibernate.persister.entity.mutation.InsertCoordinatorStandard.insert(InsertCoordinatorStandard.java:87)
	at org.hibernate.action.internal.EntityIdentityInsertAction.execute(EntityIdentityInsertAction.java:87)
	at org.hibernate.engine.spi.ActionQueue.execute(ActionQueue.java:667)
	at org.hibernate.engine.spi.ActionQueue.addResolvedEntityInsertAction(ActionQueue.java:291)
	at org.hibernate.engine.spi.ActionQueue.addInsertAction(ActionQueue.java:270)
	at org.hibernate.engine.spi.ActionQueue.addAction(ActionQueue.java:322)
	at org.hibernate.event.internal.AbstractSaveEventListener.addInsertAction(AbstractSaveEventListener.java:384)
	at org.hibernate.event.internal.AbstractSaveEventListener.performSaveOrReplicate(AbstractSaveEventListener.java:298)
	at org.hibernate.event.internal.AbstractSaveEventListener.performSave(AbstractSaveEventListener.java:228)
	at org.hibernate.event.internal.AbstractSaveEventListener.saveWithGeneratedId(AbstractSaveEventListener.java:144)
	at org.hibernate.event.internal.DefaultPersistEventListener.entityIsTransient(DefaultPersistEventListener.java:144)
	at org.hibernate.event.internal.DefaultPersistEventListener.persist(DefaultPersistEventListener.java:91)
	at org.hibernate.event.internal.DefaultPersistEventListener.onPersist(DefaultPersistEventListener.java:75)
	at org.hibernate.event.internal.DefaultPersistEventListener.onPersist(DefaultPersistEventListener.java:51)
	at org.hibernate.event.service.internal.EventListenerGroupImpl.fireEventOnEachListener(EventListenerGroupImpl.java:138)
	at org.hibernate.internal.SessionImpl.firePersist(SessionImpl.java:695)
	at org.hibernate.internal.SessionImpl.persist(SessionImpl.java:678)
	at org.springframework.boot.jpa.test.autoconfigure.TestEntityManager.persist(TestEntityManager.java:93)
	at com.interview.taskapi.repository.TaskRepositoryTest.derivedQuery_findsByStatus(TaskRepositoryTest.java:34)
Caused by: org.h2.jdbc.JdbcSQLIntegrityConstraintViolationException: Unique index or primary key violation: "PUBLIC.CONSTRAINT_1 PRIMARY KEY ON PUBLIC.PROJECT(ID) ( /* key:2 */ CAST(2 AS BIGINT), 'Side Project')"; SQL statement:
insert into project (name,id) values (?,default) [23505-240]
	at org.h2.message.DbException.getJdbcSQLException(DbException.java:520)
	at org.h2.message.DbException.getJdbcSQLException(DbException.java:489)
	at org.h2.message.DbException.get(DbException.java:223)
	at org.h2.message.DbException.get(DbException.java:199)
	at org.h2.mvstore.db.MVPrimaryIndex.add(MVPrimaryIndex.java:121)
	at org.h2.mvstore.db.MVTable.addRow(MVTable.java:520)
	at org.h2.command.dml.Insert.insertRows(Insert.java:174)
	at org.h2.command.dml.Insert.update(Insert.java:135)
	at org.h2.command.CommandContainer.executeUpdateWithGeneratedKeys(CommandContainer.java:212)
	at org.h2.command.CommandContainer.update(CommandContainer.java:133)
	at org.h2.command.Command.executeUpdate(Command.java:306)
	at org.h2.command.Command.executeUpdate(Command.java:250)
	at org.h2.jdbc.JdbcPreparedStatement.executeUpdateInternal(JdbcPreparedStatement.java:213)
	at org.h2.jdbc.JdbcPreparedStatement.executeUpdate(JdbcPreparedStatement.java:172)
	at org.hibernate.engine.jdbc.internal.ResultSetReturnImpl.executeUpdate(ResultSetReturnImpl.java:185)
	... 25 more
]]></error>
    <system-out><![CDATA[2026-08-17T01:03:34.812+05:30 DEBUG 81275 --- [task-api] [           main] org.hibernate.SQL                        : 
    insert 
    into
        project
        (name, id) 
    values
        (?, default)
Hibernate: 
    insert 
    into
        project
        (name, id) 
    values
        (?, default)
2026-08-17T01:03:34.813+05:30  WARN 81275 --- [task-api] [           main] org.hibernate.orm.jdbc.error             : HHH000247: ErrorCode: 23505, SQLState: 23505
2026-08-17T01:03:34.813+05:30  WARN 81275 --- [task-api] [           main] org.hibernate.orm.jdbc.error             : Unique index or primary key violation: "PUBLIC.CONSTRAINT_1 PRIMARY KEY ON PUBLIC.PROJECT(ID) ( /* key:2 */ CAST(2 AS BIGINT), 'Side Project')"; SQL statement:
insert into project (name,id) values (?,default) [23505-240]
]]></system-out>
  </testcase>
  <testcase name="jpqlQuery_findsOverdue" classname="com.interview.taskapi.repository.TaskRepositoryTest" time="0.014">
    <error message="could not execute statement [Unique index or primary key violation: &quot;PUBLIC.CONSTRAINT_2 PRIMARY KEY ON PUBLIC.TASK(ID) ( /* key:1 */ DATE &apos;2026-08-18&apos;, TIMESTAMP WITH TIME ZONE &apos;2026-08-17 01:03:34.509781+05:30&apos;, CAST(1 AS BIGINT), CAST(1 AS BIGINT), &apos;Read the --debug report&apos;, &apos;Learn auto-configuration&apos;, CAST(&apos;IN_PROGRESS&apos; AS ENUM(&apos;DONE&apos;, &apos;IN_PROGRESS&apos;, &apos;TODO&apos;)))&quot;; SQL statement:&#10;insert into task (created_at,description,due_date,project_id,status,title,id) values (?,?,?,?,?,?,default) [23505-240]] [insert into task (created_at,description,due_date,project_id,status,title,id) values (?,?,?,?,?,?,default)]" type="org.hibernate.exception.ConstraintViolationException"><![CDATA[org.hibernate.exception.ConstraintViolationException: 
could not execute statement [Unique index or primary key violation: "PUBLIC.CONSTRAINT_2 PRIMARY KEY ON PUBLIC.TASK(ID) ( /* key:1 */ DATE '2026-08-18', TIMESTAMP WITH TIME ZONE '2026-08-17 01:03:34.509781+05:30', CAST(1 AS BIGINT), CAST(1 AS BIGINT), 'Read the --debug report', 'Learn auto-configuration', CAST('IN_PROGRESS' AS ENUM('DONE', 'IN_PROGRESS', 'TODO')))"; SQL statement:
insert into task (created_at,description,due_date,project_id,status,title,id) values (?,?,?,?,?,?,default) [23505-240]] [insert into task (created_at,description,due_date,project_id,status,title,id) values (?,?,?,?,?,?,default)]
	at org.hibernate.dialect.H2Dialect.lambda$buildSQLExceptionConversionDelegate$0(H2Dialect.java:854)
	at org.hibernate.exception.internal.StandardSQLExceptionConverter.convert(StandardSQLExceptionConverter.java:34)
	at org.hibernate.engine.jdbc.spi.SqlExceptionHelper.convert(SqlExceptionHelper.java:115)
	at org.hibernate.engine.jdbc.internal.ResultSetReturnImpl.executeUpdate(ResultSetReturnImpl.java:189)
	at org.hibernate.id.insert.GetGeneratedKeysDelegate.performMutation(GetGeneratedKeysDelegate.java:96)
	at org.hibernate.engine.jdbc.mutation.internal.MutationExecutorSingleNonBatched.performNonBatchedOperations(MutationExecutorSingleNonBatched.java:45)
	at org.hibernate.engine.jdbc.mutation.internal.AbstractMutationExecutor.execute(AbstractMutationExecutor.java:65)
	at org.hibernate.engine.jdbc.mutation.internal.AbstractMutationExecutor.execute(AbstractMutationExecutor.java:54)
	at org.hibernate.persister.entity.mutation.InsertCoordinatorStandard.doStaticInserts(InsertCoordinatorStandard.java:183)
	at org.hibernate.persister.entity.mutation.InsertCoordinatorStandard.coordinateInsert(InsertCoordinatorStandard.java:123)
	at org.hibernate.persister.entity.mutation.InsertCoordinatorStandard.insert(InsertCoordinatorStandard.java:87)
	at org.hibernate.action.internal.EntityIdentityInsertAction.execute(EntityIdentityInsertAction.java:87)
	at org.hibernate.engine.spi.ActionQueue.execute(ActionQueue.java:667)
	at org.hibernate.engine.spi.ActionQueue.addResolvedEntityInsertAction(ActionQueue.java:291)
	at org.hibernate.engine.spi.ActionQueue.addInsertAction(ActionQueue.java:270)
	at org.hibernate.engine.spi.ActionQueue.addAction(ActionQueue.java:322)
	at org.hibernate.event.internal.AbstractSaveEventListener.addInsertAction(AbstractSaveEventListener.java:384)
	at org.hibernate.event.internal.AbstractSaveEventListener.performSaveOrReplicate(AbstractSaveEventListener.java:298)
	at org.hibernate.event.internal.AbstractSaveEventListener.performSave(AbstractSaveEventListener.java:228)
	at org.hibernate.event.internal.AbstractSaveEventListener.saveWithGeneratedId(AbstractSaveEventListener.java:144)
	at org.hibernate.event.internal.DefaultPersistEventListener.entityIsTransient(DefaultPersistEventListener.java:144)
	at org.hibernate.event.internal.DefaultPersistEventListener.persist(DefaultPersistEventListener.java:91)
	at org.hibernate.event.internal.DefaultPersistEventListener.onPersist(DefaultPersistEventListener.java:75)
	at org.hibernate.event.internal.DefaultPersistEventListener.onPersist(DefaultPersistEventListener.java:51)
	at org.hibernate.event.service.internal.EventListenerGroupImpl.fireEventOnEachListener(EventListenerGroupImpl.java:138)
	at org.hibernate.internal.SessionImpl.firePersist(SessionImpl.java:695)
	at org.hibernate.internal.SessionImpl.persist(SessionImpl.java:678)
	at org.springframework.boot.jpa.test.autoconfigure.TestEntityManager.persist(TestEntityManager.java:93)
	at com.interview.taskapi.repository.TaskRepositoryTest.jpqlQuery_findsOverdue(TaskRepositoryTest.java:46)
Caused by: org.h2.jdbc.JdbcSQLIntegrityConstraintViolationException: Unique index or primary key violation: "PUBLIC.CONSTRAINT_2 PRIMARY KEY ON PUBLIC.TASK(ID) ( /* key:1 */ DATE '2026-08-18', TIMESTAMP WITH TIME ZONE '2026-08-17 01:03:34.509781+05:30', CAST(1 AS BIGINT), CAST(1 AS BIGINT), 'Read the --debug report', 'Learn auto-configuration', CAST('IN_PROGRESS' AS ENUM('DONE', 'IN_PROGRESS', 'TODO')))"; SQL statement:
insert into task (created_at,description,due_date,project_id,status,title,id) values (?,?,?,?,?,?,default) [23505-240]
	at org.h2.message.DbException.getJdbcSQLException(DbException.java:520)
	at org.h2.message.DbException.getJdbcSQLException(DbException.java:489)
	at org.h2.message.DbException.get(DbException.java:223)
	at org.h2.message.DbException.get(DbException.java:199)
	at org.h2.mvstore.db.MVPrimaryIndex.add(MVPrimaryIndex.java:121)
	at org.h2.mvstore.db.MVTable.addRow(MVTable.java:520)
	at org.h2.command.dml.Insert.insertRows(Insert.java:174)
	at org.h2.command.dml.Insert.update(Insert.java:135)
	at org.h2.command.CommandContainer.executeUpdateWithGeneratedKeys(CommandContainer.java:212)
	at org.h2.command.CommandContainer.update(CommandContainer.java:133)
	at org.h2.command.Command.executeUpdate(Command.java:306)
	at org.h2.command.Command.executeUpdate(Command.java:250)
	at org.h2.jdbc.JdbcPreparedStatement.executeUpdateInternal(JdbcPreparedStatement.java:213)
	at org.h2.jdbc.JdbcPreparedStatement.executeUpdate(JdbcPreparedStatement.java:172)
	at org.hibernate.engine.jdbc.internal.ResultSetReturnImpl.executeUpdate(ResultSetReturnImpl.java:185)
	... 25 more
]]></error>
    <system-out><![CDATA[2026-08-17T01:03:34.818+05:30 DEBUG 81275 --- [task-api] [           main] org.hibernate.SQL                        : 
    insert 
    into
        project
        (name, id) 
    values
        (?, default)
Hibernate: 
    insert 
    into
        project
        (name, id) 
    values
        (?, default)
2026-08-17T01:03:34.826+05:30 DEBUG 81275 --- [task-api] [           main] org.hibernate.SQL                        : 
    insert 
    into
        task
        (created_at, description, due_date, project_id, status, title, id) 
    values
        (?, ?, ?, ?, ?, ?, default)
Hibernate: 
    insert 
    into
        task
        (created_at, description, due_date, project_id, status, title, id) 
    values
        (?, ?, ?, ?, ?, ?, default)
2026-08-17T01:03:34.828+05:30  WARN 81275 --- [task-api] [           main] org.hibernate.orm.jdbc.error             : HHH000247: ErrorCode: 23505, SQLState: 23505
2026-08-17T01:03:34.828+05:30  WARN 81275 --- [task-api] [           main] org.hibernate.orm.jdbc.error             : Unique index or primary key violation: "PUBLIC.CONSTRAINT_2 PRIMARY KEY ON PUBLIC.TASK(ID) ( /* key:1 */ DATE '2026-08-18', TIMESTAMP WITH TIME ZONE '2026-08-17 01:03:34.509781+05:30', CAST(1 AS BIGINT), CAST(1 AS BIGINT), 'Read the --debug report', 'Learn auto-configuration', CAST('IN_PROGRESS' AS ENUM('DONE', 'IN_PROGRESS', 'TODO')))"; SQL statement:
insert into task (created_at,description,due_date,project_id,status,title,id) values (?,?,?,?,?,?,default) [23505-240]
]]></system-out>
  </testcase>
</testsuite>