<?xml version="1.0" encoding="UTF-8"?>
<testsuite xmlns:xsi="http://www.w3.org/2001/XMLSchema-instance" xsi:noNamespaceSchemaLocation="https://maven.apache.org/surefire/maven-surefire-plugin/xsd/surefire-test-report.xsd" version="3.0.2" name="com.interview.taskapi.SmokeTest" time="1.078" tests="1" errors="0" skipped="0" failures="0" flakes="0">
  <properties>
[...]
</properties>
  <testcase name="contextLoads" classname="com.interview.taskapi.SmokeTest" time="0.003">
    <system-out><![CDATA[2026-08-17T01:03:34.834+05:30  INFO 81275 --- [task-api] [           main] t.c.s.AnnotationConfigContextLoaderUtils : Could not detect default configuration classes for test class [com.interview.taskapi.SmokeTest]: SmokeTest does not declare any static, non-private, non-final, nested classes annotated with @Configuration.
2026-08-17T01:03:34.837+05:30  INFO 81275 --- [task-api] [           main] .b.t.c.SpringBootTestContextBootstrapper : Found @SpringBootConfiguration com.interview.taskapi.TaskApiApplication for test class com.interview.taskapi.SmokeTest
2026-08-17T01:03:34.838+05:30  INFO 81275 --- [task-api] [           main] t.c.s.AnnotationConfigContextLoaderUtils : Could not detect default configuration classes for test class [com.interview.taskapi.SmokeTest]: SmokeTest does not declare any static, non-private, non-final, nested classes annotated with @Configuration.
2026-08-17T01:03:34.839+05:30  INFO 81275 --- [task-api] [           main] .b.t.c.SpringBootTestContextBootstrapper : Found @SpringBootConfiguration com.interview.taskapi.TaskApiApplication for test class com.interview.taskapi.SmokeTest

  .   ____          _            __ _ _
 /\\ / ___'_ __ _ _(_)_ __  __ _ \ \ \ \
( ( )\___ | '_ | '_| | '_ \/ _` | \ \ \ \
 \\/  ___)| |_)| | | | | || (_| |  ) ) ) )
  '  |____| .__|_| |_|_| |_\__, | / / / /
 =========|_|==============|___/=/_/_/_/

 :: Spring Boot ::                (v4.1.0)

2026-08-17T01:03:34.861+05:30  INFO 81275 --- [task-api] [           main] com.interview.taskapi.SmokeTest          : Starting SmokeTest using Java 23 with PID 81275 (started by parasbhardwaj in /Users/parasbhardwaj/Documents/spring-boot-learning-path)
2026-08-17T01:03:34.862+05:30  INFO 81275 --- [task-api] [           main] com.interview.taskapi.SmokeTest          : No active profile set, falling back to 1 default profile: "default"
2026-08-17T01:03:35.045+05:30  INFO 81275 --- [task-api] [           main] .s.d.r.c.RepositoryConfigurationDelegate : Bootstrapping Spring Data JPA repositories in DEFAULT mode.
2026-08-17T01:03:35.049+05:30  INFO 81275 --- [task-api] [           main] .s.d.r.c.RepositoryConfigurationDelegate : Finished Spring Data repository scanning in 3 ms. Found 2 JPA repository interfaces.
2026-08-17T01:03:35.180+05:30  INFO 81275 --- [task-api] [           main] org.hibernate.orm.jpa                    : HHH008540: Processing PersistenceUnitInfo [name: default]
2026-08-17T01:03:35.188+05:30  INFO 81275 --- [task-api] [           main] o.s.o.j.p.SpringPersistenceUnitInfo      : No LoadTimeWeaver setup: ignoring JPA class transformer
2026-08-17T01:03:35.188+05:30  INFO 81275 --- [task-api] [           main] com.zaxxer.hikari.HikariDataSource       : HikariPool-1 - Starting...
2026-08-17T01:03:35.192+05:30  INFO 81275 --- [task-api] [           main] com.zaxxer.hikari.pool.HikariPool        : HikariPool-1 - Added connection conn9: url=jdbc:h2:mem:taskdb user=SA
2026-08-17T01:03:35.192+05:30  INFO 81275 --- [task-api] [           main] com.zaxxer.hikari.HikariDataSource       : HikariPool-1 - Start completed.
2026-08-17T01:03:35.197+05:30  INFO 81275 --- [task-api] [           main] org.hibernate.orm.connections.pooling    : HHH10001005: Database info:
	Database JDBC URL [jdbc:h2:mem:taskdb]
	Database driver: H2 JDBC Driver
	Database dialect: H2Dialect
	Database version: 2.4.240
	Default catalog/schema: TASKDB/PUBLIC
	Autocommit mode: undefined/unknown
	Isolation level: READ_COMMITTED [default READ_COMMITTED]
	JDBC fetch size: 100
	Pool: DataSourceConnectionProvider
	Minimum pool size: undefined/unknown
	Maximum pool size: undefined/unknown
2026-08-17T01:03:35.211+05:30  INFO 81275 --- [task-api] [           main] org.hibernate.orm.core                   : HHH000489: No JTA platform available (set 'hibernate.transaction.jta.platform' to enable JTA platform integration)
2026-08-17T01:03:35.212+05:30 DEBUG 81275 --- [task-api] [           main] org.hibernate.SQL                        : 
    drop table if exists project cascade 
Hibernate: 
    drop table if exists project cascade 
2026-08-17T01:03:35.212+05:30 DEBUG 81275 --- [task-api] [           main] org.hibernate.SQL                        : 
    drop table if exists task cascade 
Hibernate: 
    drop table if exists task cascade 
2026-08-17T01:03:35.212+05:30 DEBUG 81275 --- [task-api] [           main] org.hibernate.SQL                        : 
    create table project (
        id bigint generated by default as identity,
        name varchar(255) not null,
        primary key (id)
    )
Hibernate: 
    create table project (
        id bigint generated by default as identity,
        name varchar(255) not null,
        primary key (id)
    )
2026-08-17T01:03:35.213+05:30 DEBUG 81275 --- [task-api] [           main] org.hibernate.SQL                        : 
    create table task (
        due_date date,
        created_at timestamp(6) with time zone,
        id bigint generated by default as identity,
        project_id bigint,
        description varchar(255),
        title varchar(255) not null,
        status enum ('DONE','IN_PROGRESS','TODO') not null,
        primary key (id)
    )
Hibernate: 
    create table task (
        due_date date,
        created_at timestamp(6) with time zone,
        id bigint generated by default as identity,
        project_id bigint,
        description varchar(255),
        title varchar(255) not null,
        status enum ('DONE','IN_PROGRESS','TODO') not null,
        primary key (id)
    )
2026-08-17T01:03:35.213+05:30 DEBUG 81275 --- [task-api] [           main] org.hibernate.SQL                        : 
    alter table if exists task 
       add constraint FKk8qrwowg31kx7hp93sru1pdqa 
       foreign key (project_id) 
       references project
Hibernate: 
    alter table if exists task 
       add constraint FKk8qrwowg31kx7hp93sru1pdqa 
       foreign key (project_id) 
       references project
2026-08-17T01:03:35.214+05:30  INFO 81275 --- [task-api] [           main] j.LocalContainerEntityManagerFactoryBean : Initialized JPA EntityManagerFactory for persistence unit 'default'
2026-08-17T01:03:35.321+05:30  WARN 81275 --- [task-api] [           main] JpaBaseConfiguration$JpaWebConfiguration : spring.jpa.open-in-view is enabled by default. Therefore, database queries may be performed during view rendering. Explicitly configure spring.jpa.open-in-view to disable this warning
2026-08-17T01:03:35.496+05:30  INFO 81275 --- [task-api] [           main] r$InitializeUserDetailsManagerConfigurer : Global AuthenticationManager configured with UserDetailsService bean with name users
2026-08-17T01:03:35.791+05:30  INFO 81275 --- [task-api] [           main] o.s.b.a.e.web.EndpointLinksResolver      : Exposing 7 endpoints beneath base path '/actuator'
2026-08-17T01:03:35.847+05:30  INFO 81275 --- [task-api] [           main] com.interview.taskapi.SmokeTest          : Started SmokeTest in 1.001 seconds (process running for 3.452)
]]></system-out>
  </testcase>
</testsuite>